Determining if the include file ndir.h exists failed with the following output:
Change Dir: /home/zhangjiaqi/Documents/NuSMV-2.6.0/NuSMV/build/CMakeFiles/CMakeTmp

Run Build Command:"/usr/bin/make" "cmTC_95c85/fast"
/usr/bin/make -f CMakeFiles/cmTC_95c85.dir/build.make CMakeFiles/cmTC_95c85.dir/build
make[1]: Entering directory '/home/zhangjiaqi/Documents/NuSMV-2.6.0/NuSMV/build/CMakeFiles/CMakeTmp'
Building C object CMakeFiles/cmTC_95c85.dir/CheckIncludeFile.c.o
/usr/bin/cc     -o CMakeFiles/cmTC_95c85.dir/CheckIncludeFile.c.o   -c /home/zhangjiaqi/Documents/NuSMV-2.6.0/NuSMV/build/CMakeFiles/CMakeTmp/CheckIncludeFile.c
/home/zhangjiaqi/Documents/NuSMV-2.6.0/NuSMV/build/CMakeFiles/CMakeTmp/CheckIncludeFile.c:1:18: fatal error: ndir.h: No such file or directory
compilation terminated.
CMakeFiles/cmTC_95c85.dir/build.make:65: recipe for target 'CMakeFiles/cmTC_95c85.dir/CheckIncludeFile.c.o' failed
make[1]: *** [CMakeFiles/cmTC_95c85.dir/CheckIncludeFile.c.o] Error 1
make[1]: Leaving directory '/home/zhangjiaqi/Documents/NuSMV-2.6.0/NuSMV/build/CMakeFiles/CMakeTmp'
Makefile:126: recipe for target 'cmTC_95c85/fast' failed
make: *** [cmTC_95c85/fast] Error 2


Determining if the include file sys/ndir.h exists failed with the following output:
Change Dir: /home/zhangjiaqi/Documents/NuSMV-2.6.0/NuSMV/build/CMakeFiles/CMakeTmp

Run Build Command:"/usr/bin/make" "cmTC_26378/fast"
/usr/bin/make -f CMakeFiles/cmTC_26378.dir/build.make CMakeFiles/cmTC_26378.dir/build
make[1]: Entering directory '/home/zhangjiaqi/Documents/NuSMV-2.6.0/NuSMV/build/CMakeFiles/CMakeTmp'
Building C object CMakeFiles/cmTC_26378.dir/CheckIncludeFile.c.o
/usr/bin/cc     -o CMakeFiles/cmTC_26378.dir/CheckIncludeFile.c.o   -c /home/zhangjiaqi/Documents/NuSMV-2.6.0/NuSMV/build/CMakeFiles/CMakeTmp/CheckIncludeFile.c
/home/zhangjiaqi/Documents/NuSMV-2.6.0/NuSMV/build/CMakeFiles/CMakeTmp/CheckIncludeFile.c:1:22: fatal error: sys/ndir.h: No such file or directory
compilation terminated.
CMakeFiles/cmTC_26378.dir/build.make:65: recipe for target 'CMakeFiles/cmTC_26378.dir/CheckIncludeFile.c.o' failed
make[1]: *** [CMakeFiles/cmTC_26378.dir/CheckIncludeFile.c.o] Error 1
make[1]: Leaving directory '/home/zhangjiaqi/Documents/NuSMV-2.6.0/NuSMV/build/CMakeFiles/CMakeTmp'
Makefile:126: recipe for target 'cmTC_26378/fast' failed
make: *** [cmTC_26378/fast] Error 2


Determining if the function floor exists failed with the following output:
Change Dir: /home/zhangjiaqi/Documents/NuSMV-2.6.0/NuSMV/build/CMakeFiles/CMakeTmp

Run Build Command:"/usr/bin/make" "cmTC_d3e30/fast"
/usr/bin/make -f CMakeFiles/cmTC_d3e30.dir/build.make CMakeFiles/cmTC_d3e30.dir/build
make[1]: Entering directory '/home/zhangjiaqi/Documents/NuSMV-2.6.0/NuSMV/build/CMakeFiles/CMakeTmp'
Building C object CMakeFiles/cmTC_d3e30.dir/CheckFunctionExists.c.o
/usr/bin/cc    -DCHECK_FUNCTION_EXISTS=floor   -o CMakeFiles/cmTC_d3e30.dir/CheckFunctionExists.c.o   -c /usr/share/cmake-3.5/Modules/CheckFunctionExists.c
<command-line>:0:23: warning: conflicting types for built-in function ‘floor’
/usr/share/cmake-3.5/Modules/CheckFunctionExists.c:6:6: note: in expansion of macro ‘CHECK_FUNCTION_EXISTS’
 char CHECK_FUNCTION_EXISTS();
      ^
Linking C executable cmTC_d3e30
/usr/bin/cmake -E cmake_link_script CMakeFiles/cmTC_d3e30.dir/link.txt --verbose=1
/usr/bin/cc   -DCHECK_FUNCTION_EXISTS=floor    CMakeFiles/cmTC_d3e30.dir/CheckFunctionExists.c.o  -o cmTC_d3e30 -rdynamic 
CMakeFiles/cmTC_d3e30.dir/CheckFunctionExists.c.o: In function `main':
CheckFunctionExists.c:(.text+0x15): undefined reference to `floor'
collect2: error: ld returned 1 exit status
CMakeFiles/cmTC_d3e30.dir/build.make:97: recipe for target 'cmTC_d3e30' failed
make[1]: *** [cmTC_d3e30] Error 1
make[1]: Leaving directory '/home/zhangjiaqi/Documents/NuSMV-2.6.0/NuSMV/build/CMakeFiles/CMakeTmp'
Makefile:126: recipe for target 'cmTC_d3e30/fast' failed
make: *** [cmTC_d3e30/fast] Error 2


Determining if the function pow exists failed with the following output:
Change Dir: /home/zhangjiaqi/Documents/NuSMV-2.6.0/NuSMV/build/CMakeFiles/CMakeTmp

Run Build Command:"/usr/bin/make" "cmTC_934cc/fast"
/usr/bin/make -f CMakeFiles/cmTC_934cc.dir/build.make CMakeFiles/cmTC_934cc.dir/build
make[1]: Entering directory '/home/zhangjiaqi/Documents/NuSMV-2.6.0/NuSMV/build/CMakeFiles/CMakeTmp'
Building C object CMakeFiles/cmTC_934cc.dir/CheckFunctionExists.c.o
/usr/bin/cc    -DCHECK_FUNCTION_EXISTS=pow   -o CMakeFiles/cmTC_934cc.dir/CheckFunctionExists.c.o   -c /usr/share/cmake-3.5/Modules/CheckFunctionExists.c
<command-line>:0:23: warning: conflicting types for built-in function ‘pow’
/usr/share/cmake-3.5/Modules/CheckFunctionExists.c:6:6: note: in expansion of macro ‘CHECK_FUNCTION_EXISTS’
 char CHECK_FUNCTION_EXISTS();
      ^
Linking C executable cmTC_934cc
/usr/bin/cmake -E cmake_link_script CMakeFiles/cmTC_934cc.dir/link.txt --verbose=1
/usr/bin/cc   -DCHECK_FUNCTION_EXISTS=pow    CMakeFiles/cmTC_934cc.dir/CheckFunctionExists.c.o  -o cmTC_934cc -rdynamic 
CMakeFiles/cmTC_934cc.dir/CheckFunctionExists.c.o: In function `main':
CheckFunctionExists.c:(.text+0x15): undefined reference to `pow'
collect2: error: ld returned 1 exit status
CMakeFiles/cmTC_934cc.dir/build.make:97: recipe for target 'cmTC_934cc' failed
make[1]: *** [cmTC_934cc] Error 1
make[1]: Leaving directory '/home/zhangjiaqi/Documents/NuSMV-2.6.0/NuSMV/build/CMakeFiles/CMakeTmp'
Makefile:126: recipe for target 'cmTC_934cc/fast' failed
make: *** [cmTC_934cc/fast] Error 2


